<?xml version="1.0" encoding="UTF-8"?>
<testsuites>
  <testsuite name="" tests="51" assertions="53" errors="0" failures="0" skipped="0" time="0.014731">
    <testsuite name="unit" tests="50" assertions="52" errors="0" failures="0" skipped="0" time="0.010536">
      <testsuite name="Widi\JsonEncode\Cache\ArrayCacheTest" file="C:\check24\widi-jsonencode\test\unit\Cache\ArrayCacheTest.php" tests="2" assertions="4" errors="0" failures="0" skipped="0" time="0.005290">
        <testcase name="itShouldTestCachedMethods" class="Widi\JsonEncode\Cache\ArrayCacheTest" classname="Widi.JsonEncode.Cache.ArrayCacheTest" file="C:\check24\widi-jsonencode\test\unit\Cache\ArrayCacheTest.php" line="15" assertions="2" time="0.005173"/>
        <testcase name="itShouldTestCachedProperties" class="Widi\JsonEncode\Cache\ArrayCacheTest" classname="Widi.JsonEncode.Cache.ArrayCacheTest" file="C:\check24\widi-jsonencode\test\unit\Cache\ArrayCacheTest.php" line="27" assertions="2" time="0.000117"/>
      </testsuite>
      <testsuite name="Widi\JsonEncode\Filter\GetIsHasMethodFilterTest" file="C:\check24\widi-jsonencode\test\unit\Filter\GetIsHasMethodFilterTest.php" tests="24" assertions="24" errors="0" failures="0" skipped="0" time="0.002764">
        <testsuite name="Widi\JsonEncode\Filter\GetIsHasMethodFilterTest::itShouldFilterGetAndIsMethods" tests="12" assertions="12" errors="0" failures="0" skipped="0" time="0.001707">
          <testcase name="itShouldFilterGetAndIsMethods with data set #0" class="Widi\JsonEncode\Filter\GetIsHasMethodFilterTest" classname="Widi.JsonEncode.Filter.GetIsHasMethodFilterTest" file="C:\check24\widi-jsonencode\test\unit\Filter\GetIsHasMethodFilterTest.php" line="14" assertions="1" time="0.000724"/>
          <testcase name="itShouldFilterGetAndIsMethods with data set #1" class="Widi\JsonEncode\Filter\GetIsHasMethodFilterTest" classname="Widi.JsonEncode.Filter.GetIsHasMethodFilterTest" file="C:\check24\widi-jsonencode\test\unit\Filter\GetIsHasMethodFilterTest.php" line="14" assertions="1" time="0.000091"/>
          <testcase name="itShouldFilterGetAndIsMethods with data set #2" class="Widi\JsonEncode\Filter\GetIsHasMethodFilterTest" classname="Widi.JsonEncode.Filter.GetIsHasMethodFilterTest" file="C:\check24\widi-jsonencode\test\unit\Filter\GetIsHasMethodFilterTest.php" line="14" assertions="1" time="0.000091"/>
          <testcase name="itShouldFilterGetAndIsMethods with data set #3" class="Widi\JsonEncode\Filter\GetIsHasMethodFilterTest" classname="Widi.JsonEncode.Filter.GetIsHasMethodFilterTest" file="C:\check24\widi-jsonencode\test\unit\Filter\GetIsHasMethodFilterTest.php" line="14" assertions="1" time="0.000086"/>
          <testcase name="itShouldFilterGetAndIsMethods with data set #4" class="Widi\JsonEncode\Filter\GetIsHasMethodFilterTest" classname="Widi.JsonEncode.Filter.GetIsHasMethodFilterTest" file="C:\check24\widi-jsonencode\test\unit\Filter\GetIsHasMethodFilterTest.php" line="14" assertions="1" time="0.000122"/>
          <testcase name="itShouldFilterGetAndIsMethods with data set #5" class="Widi\JsonEncode\Filter\GetIsHasMethodFilterTest" classname="Widi.JsonEncode.Filter.GetIsHasMethodFilterTest" file="C:\check24\widi-jsonencode\test\unit\Filter\GetIsHasMethodFilterTest.php" line="14" assertions="1" time="0.000085"/>
          <testcase name="itShouldFilterGetAndIsMethods with data set #6" class="Widi\JsonEncode\Filter\GetIsHasMethodFilterTest" classname="Widi.JsonEncode.Filter.GetIsHasMethodFilterTest" file="C:\check24\widi-jsonencode\test\unit\Filter\GetIsHasMethodFilterTest.php" line="14" assertions="1" time="0.000085"/>
          <testcase name="itShouldFilterGetAndIsMethods with data set #7" class="Widi\JsonEncode\Filter\GetIsHasMethodFilterTest" classname="Widi.JsonEncode.Filter.GetIsHasMethodFilterTest" file="C:\check24\widi-jsonencode\test\unit\Filter\GetIsHasMethodFilterTest.php" line="14" assertions="1" time="0.000084"/>
          <testcase name="itShouldFilterGetAndIsMethods with data set #8" class="Widi\JsonEncode\Filter\GetIsHasMethodFilterTest" classname="Widi.JsonEncode.Filter.GetIsHasMethodFilterTest" file="C:\check24\widi-jsonencode\test\unit\Filter\GetIsHasMethodFilterTest.php" line="14" assertions="1" time="0.000082"/>
          <testcase name="itShouldFilterGetAndIsMethods with data set #9" class="Widi\JsonEncode\Filter\GetIsHasMethodFilterTest" classname="Widi.JsonEncode.Filter.GetIsHasMethodFilterTest" file="C:\check24\widi-jsonencode\test\unit\Filter\GetIsHasMethodFilterTest.php" line="14" assertions="1" time="0.000085"/>
          <testcase name="itShouldFilterGetAndIsMethods with data set #10" class="Widi\JsonEncode\Filter\GetIsHasMethodFilterTest" classname="Widi.JsonEncode.Filter.GetIsHasMethodFilterTest" file="C:\check24\widi-jsonencode\test\unit\Filter\GetIsHasMethodFilterTest.php" line="14" assertions="1" time="0.000087"/>
          <testcase name="itShouldFilterGetAndIsMethods with data set #11" class="Widi\JsonEncode\Filter\GetIsHasMethodFilterTest" classname="Widi.JsonEncode.Filter.GetIsHasMethodFilterTest" file="C:\check24\widi-jsonencode\test\unit\Filter\GetIsHasMethodFilterTest.php" line="14" assertions="1" time="0.000085"/>
        </testsuite>
        <testsuite name="Widi\JsonEncode\Filter\GetIsHasMethodFilterTest::itShouldExtractPropertyName" tests="12" assertions="12" errors="0" failures="0" skipped="0" time="0.001057">
          <testcase name="itShouldExtractPropertyName with data set #0" class="Widi\JsonEncode\Filter\GetIsHasMethodFilterTest" classname="Widi.JsonEncode.Filter.GetIsHasMethodFilterTest" file="C:\check24\widi-jsonencode\test\unit\Filter\GetIsHasMethodFilterTest.php" line="45" assertions="1" time="0.000104"/>
          <testcase name="itShouldExtractPropertyName with data set #1" class="Widi\JsonEncode\Filter\GetIsHasMethodFilterTest" classname="Widi.JsonEncode.Filter.GetIsHasMethodFilterTest" file="C:\check24\widi-jsonencode\test\unit\Filter\GetIsHasMethodFilterTest.php" line="45" assertions="1" time="0.000082"/>
          <testcase name="itShouldExtractPropertyName with data set #2" class="Widi\JsonEncode\Filter\GetIsHasMethodFilterTest" classname="Widi.JsonEncode.Filter.GetIsHasMethodFilterTest" file="C:\check24\widi-jsonencode\test\unit\Filter\GetIsHasMethodFilterTest.php" line="45" assertions="1" time="0.000084"/>
          <testcase name="itShouldExtractPropertyName with data set #3" class="Widi\JsonEncode\Filter\GetIsHasMethodFilterTest" classname="Widi.JsonEncode.Filter.GetIsHasMethodFilterTest" file="C:\check24\widi-jsonencode\test\unit\Filter\GetIsHasMethodFilterTest.php" line="45" assertions="1" time="0.000083"/>
          <testcase name="itShouldExtractPropertyName with data set #4" class="Widi\JsonEncode\Filter\GetIsHasMethodFilterTest" classname="Widi.JsonEncode.Filter.GetIsHasMethodFilterTest" file="C:\check24\widi-jsonencode\test\unit\Filter\GetIsHasMethodFilterTest.php" line="45" assertions="1" time="0.000084"/>
          <testcase name="itShouldExtractPropertyName with data set #5" class="Widi\JsonEncode\Filter\GetIsHasMethodFilterTest" classname="Widi.JsonEncode.Filter.GetIsHasMethodFilterTest" file="C:\check24\widi-jsonencode\test\unit\Filter\GetIsHasMethodFilterTest.php" line="45" assertions="1" time="0.000092"/>
          <testcase name="itShouldExtractPropertyName with data set #6" class="Widi\JsonEncode\Filter\GetIsHasMethodFilterTest" classname="Widi.JsonEncode.Filter.GetIsHasMethodFilterTest" file="C:\check24\widi-jsonencode\test\unit\Filter\GetIsHasMethodFilterTest.php" line="45" assertions="1" time="0.000086"/>
          <testcase name="itShouldExtractPropertyName with data set #7" class="Widi\JsonEncode\Filter\GetIsHasMethodFilterTest" classname="Widi.JsonEncode.Filter.GetIsHasMethodFilterTest" file="C:\check24\widi-jsonencode\test\unit\Filter\GetIsHasMethodFilterTest.php" line="45" assertions="1" time="0.000083"/>
          <testcase name="itShouldExtractPropertyName with data set #8" class="Widi\JsonEncode\Filter\GetIsHasMethodFilterTest" classname="Widi.JsonEncode.Filter.GetIsHasMethodFilterTest" file="C:\check24\widi-jsonencode\test\unit\Filter\GetIsHasMethodFilterTest.php" line="45" assertions="1" time="0.000083"/>
          <testcase name="itShouldExtractPropertyName with data set #9" class="Widi\JsonEncode\Filter\GetIsHasMethodFilterTest" classname="Widi.JsonEncode.Filter.GetIsHasMethodFilterTest" file="C:\check24\widi-jsonencode\test\unit\Filter\GetIsHasMethodFilterTest.php" line="45" assertions="1" time="0.000108"/>
          <testcase name="itShouldExtractPropertyName with data set #10" class="Widi\JsonEncode\Filter\GetIsHasMethodFilterTest" classname="Widi.JsonEncode.Filter.GetIsHasMethodFilterTest" file="C:\check24\widi-jsonencode\test\unit\Filter\GetIsHasMethodFilterTest.php" line="45" assertions="1" time="0.000085"/>
          <testcase name="itShouldExtractPropertyName with data set #11" class="Widi\JsonEncode\Filter\GetIsHasMethodFilterTest" classname="Widi.JsonEncode.Filter.GetIsHasMethodFilterTest" file="C:\check24\widi-jsonencode\test\unit\Filter\GetIsHasMethodFilterTest.php" line="45" assertions="1" time="0.000083"/>
        </testsuite>
      </testsuite>
      <testsuite name="Widi\JsonEncode\Filter\GetIsHasMethodSnakeCaseFilterTest" file="C:\check24\widi-jsonencode\test\unit\Filter\GetIsHasMethodSnakeCaseFilterTest.php" tests="24" assertions="24" errors="0" failures="0" skipped="0" time="0.002482">
        <testsuite name="Widi\JsonEncode\Filter\GetIsHasMethodSnakeCaseFilterTest::itShouldFilterGetAndIsMethods" tests="12" assertions="12" errors="0" failures="0" skipped="0" time="0.001414">
          <testcase name="itShouldFilterGetAndIsMethods with data set #0" class="Widi\JsonEncode\Filter\GetIsHasMethodSnakeCaseFilterTest" classname="Widi.JsonEncode.Filter.GetIsHasMethodSnakeCaseFilterTest" file="C:\check24\widi-jsonencode\test\unit\Filter\GetIsHasMethodSnakeCaseFilterTest.php" line="15" assertions="1" time="0.000468"/>
          <testcase name="itShouldFilterGetAndIsMethods with data set #1" class="Widi\JsonEncode\Filter\GetIsHasMethodSnakeCaseFilterTest" classname="Widi.JsonEncode.Filter.GetIsHasMethodSnakeCaseFilterTest" file="C:\check24\widi-jsonencode\test\unit\Filter\GetIsHasMethodSnakeCaseFilterTest.php" line="15" assertions="1" time="0.000091"/>
          <testcase name="itShouldFilterGetAndIsMethods with data set #2" class="Widi\JsonEncode\Filter\GetIsHasMethodSnakeCaseFilterTest" classname="Widi.JsonEncode.Filter.GetIsHasMethodSnakeCaseFilterTest" file="C:\check24\widi-jsonencode\test\unit\Filter\GetIsHasMethodSnakeCaseFilterTest.php" line="15" assertions="1" time="0.000087"/>
          <testcase name="itShouldFilterGetAndIsMethods with data set #3" class="Widi\JsonEncode\Filter\GetIsHasMethodSnakeCaseFilterTest" classname="Widi.JsonEncode.Filter.GetIsHasMethodSnakeCaseFilterTest" file="C:\check24\widi-jsonencode\test\unit\Filter\GetIsHasMethodSnakeCaseFilterTest.php" line="15" assertions="1" time="0.000085"/>
          <testcase name="itShouldFilterGetAndIsMethods with data set #4" class="Widi\JsonEncode\Filter\GetIsHasMethodSnakeCaseFilterTest" classname="Widi.JsonEncode.Filter.GetIsHasMethodSnakeCaseFilterTest" file="C:\check24\widi-jsonencode\test\unit\Filter\GetIsHasMethodSnakeCaseFilterTest.php" line="15" assertions="1" time="0.000087"/>
          <testcase name="itShouldFilterGetAndIsMethods with data set #5" class="Widi\JsonEncode\Filter\GetIsHasMethodSnakeCaseFilterTest" classname="Widi.JsonEncode.Filter.GetIsHasMethodSnakeCaseFilterTest" file="C:\check24\widi-jsonencode\test\unit\Filter\GetIsHasMethodSnakeCaseFilterTest.php" line="15" assertions="1" time="0.000084"/>
          <testcase name="itShouldFilterGetAndIsMethods with data set #6" class="Widi\JsonEncode\Filter\GetIsHasMethodSnakeCaseFilterTest" classname="Widi.JsonEncode.Filter.GetIsHasMethodSnakeCaseFilterTest" file="C:\check24\widi-jsonencode\test\unit\Filter\GetIsHasMethodSnakeCaseFilterTest.php" line="15" assertions="1" time="0.000084"/>
          <testcase name="itShouldFilterGetAndIsMethods with data set #7" class="Widi\JsonEncode\Filter\GetIsHasMethodSnakeCaseFilterTest" classname="Widi.JsonEncode.Filter.GetIsHasMethodSnakeCaseFilterTest" file="C:\check24\widi-jsonencode\test\unit\Filter\GetIsHasMethodSnakeCaseFilterTest.php" line="15" assertions="1" time="0.000090"/>
          <testcase name="itShouldFilterGetAndIsMethods with data set #8" class="Widi\JsonEncode\Filter\GetIsHasMethodSnakeCaseFilterTest" classname="Widi.JsonEncode.Filter.GetIsHasMethodSnakeCaseFilterTest" file="C:\check24\widi-jsonencode\test\unit\Filter\GetIsHasMethodSnakeCaseFilterTest.php" line="15" assertions="1" time="0.000087"/>
          <testcase name="itShouldFilterGetAndIsMethods with data set #9" class="Widi\JsonEncode\Filter\GetIsHasMethodSnakeCaseFilterTest" classname="Widi.JsonEncode.Filter.GetIsHasMethodSnakeCaseFilterTest" file="C:\check24\widi-jsonencode\test\unit\Filter\GetIsHasMethodSnakeCaseFilterTest.php" line="15" assertions="1" time="0.000085"/>
          <testcase name="itShouldFilterGetAndIsMethods with data set #10" class="Widi\JsonEncode\Filter\GetIsHasMethodSnakeCaseFilterTest" classname="Widi.JsonEncode.Filter.GetIsHasMethodSnakeCaseFilterTest" file="C:\check24\widi-jsonencode\test\unit\Filter\GetIsHasMethodSnakeCaseFilterTest.php" line="15" assertions="1" time="0.000083"/>
          <testcase name="itShouldFilterGetAndIsMethods with data set #11" class="Widi\JsonEncode\Filter\GetIsHasMethodSnakeCaseFilterTest" classname="Widi.JsonEncode.Filter.GetIsHasMethodSnakeCaseFilterTest" file="C:\check24\widi-jsonencode\test\unit\Filter\GetIsHasMethodSnakeCaseFilterTest.php" line="15" assertions="1" time="0.000083"/>
        </testsuite>
        <testsuite name="Widi\JsonEncode\Filter\GetIsHasMethodSnakeCaseFilterTest::itShouldExtractPropertyName" tests="12" assertions="12" errors="0" failures="0" skipped="0" time="0.001068">
          <testcase name="itShouldExtractPropertyName with data set #0" class="Widi\JsonEncode\Filter\GetIsHasMethodSnakeCaseFilterTest" classname="Widi.JsonEncode.Filter.GetIsHasMethodSnakeCaseFilterTest" file="C:\check24\widi-jsonencode\test\unit\Filter\GetIsHasMethodSnakeCaseFilterTest.php" line="46" assertions="1" time="0.000109"/>
          <testcase name="itShouldExtractPropertyName with data set #1" class="Widi\JsonEncode\Filter\GetIsHasMethodSnakeCaseFilterTest" classname="Widi.JsonEncode.Filter.GetIsHasMethodSnakeCaseFilterTest" file="C:\check24\widi-jsonencode\test\unit\Filter\GetIsHasMethodSnakeCaseFilterTest.php" line="46" assertions="1" time="0.000085"/>
          <testcase name="itShouldExtractPropertyName with data set #2" class="Widi\JsonEncode\Filter\GetIsHasMethodSnakeCaseFilterTest" classname="Widi.JsonEncode.Filter.GetIsHasMethodSnakeCaseFilterTest" file="C:\check24\widi-jsonencode\test\unit\Filter\GetIsHasMethodSnakeCaseFilterTest.php" line="46" assertions="1" time="0.000085"/>
          <testcase name="itShouldExtractPropertyName with data set #3" class="Widi\JsonEncode\Filter\GetIsHasMethodSnakeCaseFilterTest" classname="Widi.JsonEncode.Filter.GetIsHasMethodSnakeCaseFilterTest" file="C:\check24\widi-jsonencode\test\unit\Filter\GetIsHasMethodSnakeCaseFilterTest.php" line="46" assertions="1" time="0.000084"/>
          <testcase name="itShouldExtractPropertyName with data set #4" class="Widi\JsonEncode\Filter\GetIsHasMethodSnakeCaseFilterTest" classname="Widi.JsonEncode.Filter.GetIsHasMethodSnakeCaseFilterTest" file="C:\check24\widi-jsonencode\test\unit\Filter\GetIsHasMethodSnakeCaseFilterTest.php" line="46" assertions="1" time="0.000083"/>
          <testcase name="itShouldExtractPropertyName with data set #5" class="Widi\JsonEncode\Filter\GetIsHasMethodSnakeCaseFilterTest" classname="Widi.JsonEncode.Filter.GetIsHasMethodSnakeCaseFilterTest" file="C:\check24\widi-jsonencode\test\unit\Filter\GetIsHasMethodSnakeCaseFilterTest.php" line="46" assertions="1" time="0.000083"/>
          <testcase name="itShouldExtractPropertyName with data set #6" class="Widi\JsonEncode\Filter\GetIsHasMethodSnakeCaseFilterTest" classname="Widi.JsonEncode.Filter.GetIsHasMethodSnakeCaseFilterTest" file="C:\check24\widi-jsonencode\test\unit\Filter\GetIsHasMethodSnakeCaseFilterTest.php" line="46" assertions="1" time="0.000093"/>
          <testcase name="itShouldExtractPropertyName with data set #7" class="Widi\JsonEncode\Filter\GetIsHasMethodSnakeCaseFilterTest" classname="Widi.JsonEncode.Filter.GetIsHasMethodSnakeCaseFilterTest" file="C:\check24\widi-jsonencode\test\unit\Filter\GetIsHasMethodSnakeCaseFilterTest.php" line="46" assertions="1" time="0.000090"/>
          <testcase name="itShouldExtractPropertyName with data set #8" class="Widi\JsonEncode\Filter\GetIsHasMethodSnakeCaseFilterTest" classname="Widi.JsonEncode.Filter.GetIsHasMethodSnakeCaseFilterTest" file="C:\check24\widi-jsonencode\test\unit\Filter\GetIsHasMethodSnakeCaseFilterTest.php" line="46" assertions="1" time="0.000083"/>
          <testcase name="itShouldExtractPropertyName with data set #9" class="Widi\JsonEncode\Filter\GetIsHasMethodSnakeCaseFilterTest" classname="Widi.JsonEncode.Filter.GetIsHasMethodSnakeCaseFilterTest" file="C:\check24\widi-jsonencode\test\unit\Filter\GetIsHasMethodSnakeCaseFilterTest.php" line="46" assertions="1" time="0.000107"/>
          <testcase name="itShouldExtractPropertyName with data set #10" class="Widi\JsonEncode\Filter\GetIsHasMethodSnakeCaseFilterTest" classname="Widi.JsonEncode.Filter.GetIsHasMethodSnakeCaseFilterTest" file="C:\check24\widi-jsonencode\test\unit\Filter\GetIsHasMethodSnakeCaseFilterTest.php" line="46" assertions="1" time="0.000083"/>
          <testcase name="itShouldExtractPropertyName with data set #11" class="Widi\JsonEncode\Filter\GetIsHasMethodSnakeCaseFilterTest" classname="Widi.JsonEncode.Filter.GetIsHasMethodSnakeCaseFilterTest" file="C:\check24\widi-jsonencode\test\unit\Filter\GetIsHasMethodSnakeCaseFilterTest.php" line="46" assertions="1" time="0.000083"/>
        </testsuite>
      </testsuite>
    </testsuite>
    <testsuite name="integration" tests="1" assertions="1" errors="0" failures="0" skipped="0" time="0.004195">
      <testsuite name="Widi\JsonEncode\JsonEncoderTest" file="C:\check24\widi-jsonencode\test\integration\JsonEncoderTest.php" tests="1" assertions="1" errors="0" failures="0" skipped="0" time="0.004195">
        <testcase name="itShouldEncodeRecursiveObjectTree" class="Widi\JsonEncode\JsonEncoderTest" classname="Widi.JsonEncode.JsonEncoderTest" file="C:\check24\widi-jsonencode\test\integration\JsonEncoderTest.php" line="21" assertions="1" time="0.004195"/>
      </testsuite>
    </testsuite>
  </testsuite>
</testsuites>
