<?xml version="1.0" encoding="UTF-8"?>
<testsuites>
  <testsuite name="" tests="27" assertions="29" errors="0" failures="0" skipped="0" time="0.013794">
    <testsuite name="unit" tests="26" assertions="28" errors="0" failures="0" skipped="0" time="0.009539">
      <testsuite name="Widi\JsonEncode\Cache\ArrayCacheTest" file="C:\check24\widi-jsonencode\test\unit\Cache\ArrayCacheTest.php" tests="2" assertions="4" errors="0" failures="0" skipped="0" time="0.005676">
        <testcase name="itShouldTestCachedMethods" class="Widi\JsonEncode\Cache\ArrayCacheTest" classname="Widi.JsonEncode.Cache.ArrayCacheTest" file="C:\check24\widi-jsonencode\test\unit\Cache\ArrayCacheTest.php" line="15" assertions="2" time="0.005547"/>
        <testcase name="itShouldTestCachedProperties" class="Widi\JsonEncode\Cache\ArrayCacheTest" classname="Widi.JsonEncode.Cache.ArrayCacheTest" file="C:\check24\widi-jsonencode\test\unit\Cache\ArrayCacheTest.php" line="27" assertions="2" time="0.000129"/>
      </testsuite>
      <testsuite name="Widi\JsonEncode\Filter\GetIsHasMethodFilterTest" file="C:\check24\widi-jsonencode\test\unit\Filter\GetIsHasMethodFilterTest.php" tests="24" assertions="24" errors="0" failures="0" skipped="0" time="0.003863">
        <testsuite name="Widi\JsonEncode\Filter\GetIsHasMethodFilterTest::itShouldFilterGetAndIsMethods" tests="12" assertions="12" errors="0" failures="0" skipped="0" time="0.002216">
          <testcase name="itShouldFilterGetAndIsMethods with data set #0" class="Widi\JsonEncode\Filter\GetIsHasMethodFilterTest" classname="Widi.JsonEncode.Filter.GetIsHasMethodFilterTest" file="C:\check24\widi-jsonencode\test\unit\Filter\GetIsHasMethodFilterTest.php" line="14" assertions="1" time="0.000821"/>
          <testcase name="itShouldFilterGetAndIsMethods with data set #1" class="Widi\JsonEncode\Filter\GetIsHasMethodFilterTest" classname="Widi.JsonEncode.Filter.GetIsHasMethodFilterTest" file="C:\check24\widi-jsonencode\test\unit\Filter\GetIsHasMethodFilterTest.php" line="14" assertions="1" time="0.000103"/>
          <testcase name="itShouldFilterGetAndIsMethods with data set #2" class="Widi\JsonEncode\Filter\GetIsHasMethodFilterTest" classname="Widi.JsonEncode.Filter.GetIsHasMethodFilterTest" file="C:\check24\widi-jsonencode\test\unit\Filter\GetIsHasMethodFilterTest.php" line="14" assertions="1" time="0.000096"/>
          <testcase name="itShouldFilterGetAndIsMethods with data set #3" class="Widi\JsonEncode\Filter\GetIsHasMethodFilterTest" classname="Widi.JsonEncode.Filter.GetIsHasMethodFilterTest" file="C:\check24\widi-jsonencode\test\unit\Filter\GetIsHasMethodFilterTest.php" line="14" assertions="1" time="0.000088"/>
          <testcase name="itShouldFilterGetAndIsMethods with data set #4" class="Widi\JsonEncode\Filter\GetIsHasMethodFilterTest" classname="Widi.JsonEncode.Filter.GetIsHasMethodFilterTest" file="C:\check24\widi-jsonencode\test\unit\Filter\GetIsHasMethodFilterTest.php" line="14" assertions="1" time="0.000121"/>
          <testcase name="itShouldFilterGetAndIsMethods with data set #5" class="Widi\JsonEncode\Filter\GetIsHasMethodFilterTest" classname="Widi.JsonEncode.Filter.GetIsHasMethodFilterTest" file="C:\check24\widi-jsonencode\test\unit\Filter\GetIsHasMethodFilterTest.php" line="14" assertions="1" time="0.000092"/>
          <testcase name="itShouldFilterGetAndIsMethods with data set #6" class="Widi\JsonEncode\Filter\GetIsHasMethodFilterTest" classname="Widi.JsonEncode.Filter.GetIsHasMethodFilterTest" file="C:\check24\widi-jsonencode\test\unit\Filter\GetIsHasMethodFilterTest.php" line="14" assertions="1" time="0.000094"/>
          <testcase name="itShouldFilterGetAndIsMethods with data set #7" class="Widi\JsonEncode\Filter\GetIsHasMethodFilterTest" classname="Widi.JsonEncode.Filter.GetIsHasMethodFilterTest" file="C:\check24\widi-jsonencode\test\unit\Filter\GetIsHasMethodFilterTest.php" line="14" assertions="1" time="0.000133"/>
          <testcase name="itShouldFilterGetAndIsMethods with data set #8" class="Widi\JsonEncode\Filter\GetIsHasMethodFilterTest" classname="Widi.JsonEncode.Filter.GetIsHasMethodFilterTest" file="C:\check24\widi-jsonencode\test\unit\Filter\GetIsHasMethodFilterTest.php" line="14" assertions="1" time="0.000155"/>
          <testcase name="itShouldFilterGetAndIsMethods with data set #9" class="Widi\JsonEncode\Filter\GetIsHasMethodFilterTest" classname="Widi.JsonEncode.Filter.GetIsHasMethodFilterTest" file="C:\check24\widi-jsonencode\test\unit\Filter\GetIsHasMethodFilterTest.php" line="14" assertions="1" time="0.000160"/>
          <testcase name="itShouldFilterGetAndIsMethods with data set #10" class="Widi\JsonEncode\Filter\GetIsHasMethodFilterTest" classname="Widi.JsonEncode.Filter.GetIsHasMethodFilterTest" file="C:\check24\widi-jsonencode\test\unit\Filter\GetIsHasMethodFilterTest.php" line="14" assertions="1" time="0.000185"/>
          <testcase name="itShouldFilterGetAndIsMethods with data set #11" class="Widi\JsonEncode\Filter\GetIsHasMethodFilterTest" classname="Widi.JsonEncode.Filter.GetIsHasMethodFilterTest" file="C:\check24\widi-jsonencode\test\unit\Filter\GetIsHasMethodFilterTest.php" line="14" assertions="1" time="0.000167"/>
        </testsuite>
        <testsuite name="Widi\JsonEncode\Filter\GetIsHasMethodFilterTest::itShouldExtractPropertyName" tests="12" assertions="12" errors="0" failures="0" skipped="0" time="0.001647">
          <testcase name="itShouldExtractPropertyName with data set #0" class="Widi\JsonEncode\Filter\GetIsHasMethodFilterTest" classname="Widi.JsonEncode.Filter.GetIsHasMethodFilterTest" file="C:\check24\widi-jsonencode\test\unit\Filter\GetIsHasMethodFilterTest.php" line="45" assertions="1" time="0.000154"/>
          <testcase name="itShouldExtractPropertyName with data set #1" class="Widi\JsonEncode\Filter\GetIsHasMethodFilterTest" classname="Widi.JsonEncode.Filter.GetIsHasMethodFilterTest" file="C:\check24\widi-jsonencode\test\unit\Filter\GetIsHasMethodFilterTest.php" line="45" assertions="1" time="0.000147"/>
          <testcase name="itShouldExtractPropertyName with data set #2" class="Widi\JsonEncode\Filter\GetIsHasMethodFilterTest" classname="Widi.JsonEncode.Filter.GetIsHasMethodFilterTest" file="C:\check24\widi-jsonencode\test\unit\Filter\GetIsHasMethodFilterTest.php" line="45" assertions="1" time="0.000144"/>
          <testcase name="itShouldExtractPropertyName with data set #3" class="Widi\JsonEncode\Filter\GetIsHasMethodFilterTest" classname="Widi.JsonEncode.Filter.GetIsHasMethodFilterTest" file="C:\check24\widi-jsonencode\test\unit\Filter\GetIsHasMethodFilterTest.php" line="45" assertions="1" time="0.000130"/>
          <testcase name="itShouldExtractPropertyName with data set #4" class="Widi\JsonEncode\Filter\GetIsHasMethodFilterTest" classname="Widi.JsonEncode.Filter.GetIsHasMethodFilterTest" file="C:\check24\widi-jsonencode\test\unit\Filter\GetIsHasMethodFilterTest.php" line="45" assertions="1" time="0.000093"/>
          <testcase name="itShouldExtractPropertyName with data set #5" class="Widi\JsonEncode\Filter\GetIsHasMethodFilterTest" classname="Widi.JsonEncode.Filter.GetIsHasMethodFilterTest" file="C:\check24\widi-jsonencode\test\unit\Filter\GetIsHasMethodFilterTest.php" line="45" assertions="1" time="0.000090"/>
          <testcase name="itShouldExtractPropertyName with data set #6" class="Widi\JsonEncode\Filter\GetIsHasMethodFilterTest" classname="Widi.JsonEncode.Filter.GetIsHasMethodFilterTest" file="C:\check24\widi-jsonencode\test\unit\Filter\GetIsHasMethodFilterTest.php" line="45" assertions="1" time="0.000162"/>
          <testcase name="itShouldExtractPropertyName with data set #7" class="Widi\JsonEncode\Filter\GetIsHasMethodFilterTest" classname="Widi.JsonEncode.Filter.GetIsHasMethodFilterTest" file="C:\check24\widi-jsonencode\test\unit\Filter\GetIsHasMethodFilterTest.php" line="45" assertions="1" time="0.000138"/>
          <testcase name="itShouldExtractPropertyName with data set #8" class="Widi\JsonEncode\Filter\GetIsHasMethodFilterTest" classname="Widi.JsonEncode.Filter.GetIsHasMethodFilterTest" file="C:\check24\widi-jsonencode\test\unit\Filter\GetIsHasMethodFilterTest.php" line="45" assertions="1" time="0.000191"/>
          <testcase name="itShouldExtractPropertyName with data set #9" class="Widi\JsonEncode\Filter\GetIsHasMethodFilterTest" classname="Widi.JsonEncode.Filter.GetIsHasMethodFilterTest" file="C:\check24\widi-jsonencode\test\unit\Filter\GetIsHasMethodFilterTest.php" line="45" assertions="1" time="0.000135"/>
          <testcase name="itShouldExtractPropertyName with data set #10" class="Widi\JsonEncode\Filter\GetIsHasMethodFilterTest" classname="Widi.JsonEncode.Filter.GetIsHasMethodFilterTest" file="C:\check24\widi-jsonencode\test\unit\Filter\GetIsHasMethodFilterTest.php" line="45" assertions="1" time="0.000133"/>
          <testcase name="itShouldExtractPropertyName with data set #11" class="Widi\JsonEncode\Filter\GetIsHasMethodFilterTest" classname="Widi.JsonEncode.Filter.GetIsHasMethodFilterTest" file="C:\check24\widi-jsonencode\test\unit\Filter\GetIsHasMethodFilterTest.php" line="45" assertions="1" time="0.000130"/>
        </testsuite>
      </testsuite>
    </testsuite>
    <testsuite name="integration" tests="1" assertions="1" errors="0" failures="0" skipped="0" time="0.004255">
      <testsuite name="Widi\JsonEncode\JsonEncoderTest" file="C:\check24\widi-jsonencode\test\integration\JsonEncoderTest.php" tests="1" assertions="1" errors="0" failures="0" skipped="0" time="0.004255">
        <testcase name="itShouldEncodeRecursiveObjectTree" class="Widi\JsonEncode\JsonEncoderTest" classname="Widi.JsonEncode.JsonEncoderTest" file="C:\check24\widi-jsonencode\test\integration\JsonEncoderTest.php" line="21" assertions="1" time="0.004255"/>
      </testsuite>
    </testsuite>
  </testsuite>
</testsuites>
