<?xml version="1.0" encoding="UTF-8"?>
<testsuites>
  <testsuite name="" tests="27" assertions="29" errors="0" failures="0" skipped="0" time="0.015354">
    <testsuite name="unit" tests="26" assertions="28" errors="0" failures="0" skipped="0" time="0.010306">
      <testsuite name="Widi\JsonEncode\Cache\ArrayCacheTest" file="C:\check24\widi-jsonencode\test\unit\Cache\ArrayCacheTest.php" tests="2" assertions="4" errors="0" failures="0" skipped="0" time="0.006161">
        <testcase name="itShouldTestCachedMethods" class="Widi\JsonEncode\Cache\ArrayCacheTest" classname="Widi.JsonEncode.Cache.ArrayCacheTest" file="C:\check24\widi-jsonencode\test\unit\Cache\ArrayCacheTest.php" line="15" assertions="2" time="0.005991"/>
        <testcase name="itShouldTestCachedProperties" class="Widi\JsonEncode\Cache\ArrayCacheTest" classname="Widi.JsonEncode.Cache.ArrayCacheTest" file="C:\check24\widi-jsonencode\test\unit\Cache\ArrayCacheTest.php" line="27" assertions="2" time="0.000170"/>
      </testsuite>
      <testsuite name="Widi\JsonEncode\Filter\GetIsHasMethodFilterTest" file="C:\check24\widi-jsonencode\test\unit\Filter\GetIsHasMethodFilterTest.php" tests="24" assertions="24" errors="0" failures="0" skipped="0" time="0.004145">
        <testsuite name="Widi\JsonEncode\Filter\GetIsHasMethodFilterTest::itShouldFilterGetAndIsMethods" tests="12" assertions="12" errors="0" failures="0" skipped="0" time="0.002412">
          <testcase name="itShouldFilterGetAndIsMethods with data set #0" class="Widi\JsonEncode\Filter\GetIsHasMethodFilterTest" classname="Widi.JsonEncode.Filter.GetIsHasMethodFilterTest" file="C:\check24\widi-jsonencode\test\unit\Filter\GetIsHasMethodFilterTest.php" line="14" assertions="1" time="0.001229"/>
          <testcase name="itShouldFilterGetAndIsMethods with data set #1" class="Widi\JsonEncode\Filter\GetIsHasMethodFilterTest" classname="Widi.JsonEncode.Filter.GetIsHasMethodFilterTest" file="C:\check24\widi-jsonencode\test\unit\Filter\GetIsHasMethodFilterTest.php" line="14" assertions="1" time="0.000178"/>
          <testcase name="itShouldFilterGetAndIsMethods with data set #2" class="Widi\JsonEncode\Filter\GetIsHasMethodFilterTest" classname="Widi.JsonEncode.Filter.GetIsHasMethodFilterTest" file="C:\check24\widi-jsonencode\test\unit\Filter\GetIsHasMethodFilterTest.php" line="14" assertions="1" time="0.000186"/>
          <testcase name="itShouldFilterGetAndIsMethods with data set #3" class="Widi\JsonEncode\Filter\GetIsHasMethodFilterTest" classname="Widi.JsonEncode.Filter.GetIsHasMethodFilterTest" file="C:\check24\widi-jsonencode\test\unit\Filter\GetIsHasMethodFilterTest.php" line="14" assertions="1" time="0.000093"/>
          <testcase name="itShouldFilterGetAndIsMethods with data set #4" class="Widi\JsonEncode\Filter\GetIsHasMethodFilterTest" classname="Widi.JsonEncode.Filter.GetIsHasMethodFilterTest" file="C:\check24\widi-jsonencode\test\unit\Filter\GetIsHasMethodFilterTest.php" line="14" assertions="1" time="0.000088"/>
          <testcase name="itShouldFilterGetAndIsMethods with data set #5" class="Widi\JsonEncode\Filter\GetIsHasMethodFilterTest" classname="Widi.JsonEncode.Filter.GetIsHasMethodFilterTest" file="C:\check24\widi-jsonencode\test\unit\Filter\GetIsHasMethodFilterTest.php" line="14" assertions="1" time="0.000113"/>
          <testcase name="itShouldFilterGetAndIsMethods with data set #6" class="Widi\JsonEncode\Filter\GetIsHasMethodFilterTest" classname="Widi.JsonEncode.Filter.GetIsHasMethodFilterTest" file="C:\check24\widi-jsonencode\test\unit\Filter\GetIsHasMethodFilterTest.php" line="14" assertions="1" time="0.000089"/>
          <testcase name="itShouldFilterGetAndIsMethods with data set #7" class="Widi\JsonEncode\Filter\GetIsHasMethodFilterTest" classname="Widi.JsonEncode.Filter.GetIsHasMethodFilterTest" file="C:\check24\widi-jsonencode\test\unit\Filter\GetIsHasMethodFilterTest.php" line="14" assertions="1" time="0.000085"/>
          <testcase name="itShouldFilterGetAndIsMethods with data set #8" class="Widi\JsonEncode\Filter\GetIsHasMethodFilterTest" classname="Widi.JsonEncode.Filter.GetIsHasMethodFilterTest" file="C:\check24\widi-jsonencode\test\unit\Filter\GetIsHasMethodFilterTest.php" line="14" assertions="1" time="0.000084"/>
          <testcase name="itShouldFilterGetAndIsMethods with data set #9" class="Widi\JsonEncode\Filter\GetIsHasMethodFilterTest" classname="Widi.JsonEncode.Filter.GetIsHasMethodFilterTest" file="C:\check24\widi-jsonencode\test\unit\Filter\GetIsHasMethodFilterTest.php" line="14" assertions="1" time="0.000093"/>
          <testcase name="itShouldFilterGetAndIsMethods with data set #10" class="Widi\JsonEncode\Filter\GetIsHasMethodFilterTest" classname="Widi.JsonEncode.Filter.GetIsHasMethodFilterTest" file="C:\check24\widi-jsonencode\test\unit\Filter\GetIsHasMethodFilterTest.php" line="14" assertions="1" time="0.000088"/>
          <testcase name="itShouldFilterGetAndIsMethods with data set #11" class="Widi\JsonEncode\Filter\GetIsHasMethodFilterTest" classname="Widi.JsonEncode.Filter.GetIsHasMethodFilterTest" file="C:\check24\widi-jsonencode\test\unit\Filter\GetIsHasMethodFilterTest.php" line="14" assertions="1" time="0.000086"/>
        </testsuite>
        <testsuite name="Widi\JsonEncode\Filter\GetIsHasMethodFilterTest::itShouldExtractPropertyName" tests="12" assertions="12" errors="0" failures="0" skipped="0" time="0.001733">
          <testcase name="itShouldExtractPropertyName with data set #0" class="Widi\JsonEncode\Filter\GetIsHasMethodFilterTest" classname="Widi.JsonEncode.Filter.GetIsHasMethodFilterTest" file="C:\check24\widi-jsonencode\test\unit\Filter\GetIsHasMethodFilterTest.php" line="45" assertions="1" time="0.000167"/>
          <testcase name="itShouldExtractPropertyName with data set #1" class="Widi\JsonEncode\Filter\GetIsHasMethodFilterTest" classname="Widi.JsonEncode.Filter.GetIsHasMethodFilterTest" file="C:\check24\widi-jsonencode\test\unit\Filter\GetIsHasMethodFilterTest.php" line="45" assertions="1" time="0.000094"/>
          <testcase name="itShouldExtractPropertyName with data set #2" class="Widi\JsonEncode\Filter\GetIsHasMethodFilterTest" classname="Widi.JsonEncode.Filter.GetIsHasMethodFilterTest" file="C:\check24\widi-jsonencode\test\unit\Filter\GetIsHasMethodFilterTest.php" line="45" assertions="1" time="0.000133"/>
          <testcase name="itShouldExtractPropertyName with data set #3" class="Widi\JsonEncode\Filter\GetIsHasMethodFilterTest" classname="Widi.JsonEncode.Filter.GetIsHasMethodFilterTest" file="C:\check24\widi-jsonencode\test\unit\Filter\GetIsHasMethodFilterTest.php" line="45" assertions="1" time="0.000095"/>
          <testcase name="itShouldExtractPropertyName with data set #4" class="Widi\JsonEncode\Filter\GetIsHasMethodFilterTest" classname="Widi.JsonEncode.Filter.GetIsHasMethodFilterTest" file="C:\check24\widi-jsonencode\test\unit\Filter\GetIsHasMethodFilterTest.php" line="45" assertions="1" time="0.000096"/>
          <testcase name="itShouldExtractPropertyName with data set #5" class="Widi\JsonEncode\Filter\GetIsHasMethodFilterTest" classname="Widi.JsonEncode.Filter.GetIsHasMethodFilterTest" file="C:\check24\widi-jsonencode\test\unit\Filter\GetIsHasMethodFilterTest.php" line="45" assertions="1" time="0.000203"/>
          <testcase name="itShouldExtractPropertyName with data set #6" class="Widi\JsonEncode\Filter\GetIsHasMethodFilterTest" classname="Widi.JsonEncode.Filter.GetIsHasMethodFilterTest" file="C:\check24\widi-jsonencode\test\unit\Filter\GetIsHasMethodFilterTest.php" line="45" assertions="1" time="0.000147"/>
          <testcase name="itShouldExtractPropertyName with data set #7" class="Widi\JsonEncode\Filter\GetIsHasMethodFilterTest" classname="Widi.JsonEncode.Filter.GetIsHasMethodFilterTest" file="C:\check24\widi-jsonencode\test\unit\Filter\GetIsHasMethodFilterTest.php" line="45" assertions="1" time="0.000201"/>
          <testcase name="itShouldExtractPropertyName with data set #8" class="Widi\JsonEncode\Filter\GetIsHasMethodFilterTest" classname="Widi.JsonEncode.Filter.GetIsHasMethodFilterTest" file="C:\check24\widi-jsonencode\test\unit\Filter\GetIsHasMethodFilterTest.php" line="45" assertions="1" time="0.000196"/>
          <testcase name="itShouldExtractPropertyName with data set #9" class="Widi\JsonEncode\Filter\GetIsHasMethodFilterTest" classname="Widi.JsonEncode.Filter.GetIsHasMethodFilterTest" file="C:\check24\widi-jsonencode\test\unit\Filter\GetIsHasMethodFilterTest.php" line="45" assertions="1" time="0.000209"/>
          <testcase name="itShouldExtractPropertyName with data set #10" class="Widi\JsonEncode\Filter\GetIsHasMethodFilterTest" classname="Widi.JsonEncode.Filter.GetIsHasMethodFilterTest" file="C:\check24\widi-jsonencode\test\unit\Filter\GetIsHasMethodFilterTest.php" line="45" assertions="1" time="0.000101"/>
          <testcase name="itShouldExtractPropertyName with data set #11" class="Widi\JsonEncode\Filter\GetIsHasMethodFilterTest" classname="Widi.JsonEncode.Filter.GetIsHasMethodFilterTest" file="C:\check24\widi-jsonencode\test\unit\Filter\GetIsHasMethodFilterTest.php" line="45" assertions="1" time="0.000091"/>
        </testsuite>
      </testsuite>
    </testsuite>
    <testsuite name="integration" tests="1" assertions="1" errors="0" failures="0" skipped="0" time="0.005048">
      <testsuite name="Widi\JsonEncode\JsonEncoderTest" file="C:\check24\widi-jsonencode\test\integration\JsonEncoderTest.php" tests="1" assertions="1" errors="0" failures="0" skipped="0" time="0.005048">
        <testcase name="itShouldEncodeRecursiveObjectTree" class="Widi\JsonEncode\JsonEncoderTest" classname="Widi.JsonEncode.JsonEncoderTest" file="C:\check24\widi-jsonencode\test\integration\JsonEncoderTest.php" line="21" assertions="1" time="0.005048"/>
      </testsuite>
    </testsuite>
  </testsuite>
</testsuites>
