<?xml version="1.0" encoding="UTF-8"?>
<testsuites>
  <testsuite name="" tests="51" assertions="53" errors="0" failures="0" skipped="0" time="0.017075">
    <testsuite name="unit" tests="50" assertions="52" errors="0" failures="0" skipped="0" time="0.011585">
      <testsuite name="Widi\JsonEncode\Cache\ArrayCacheTest" file="C:\check24\widi-jsonencode\test\unit\Cache\ArrayCacheTest.php" tests="2" assertions="4" errors="0" failures="0" skipped="0" time="0.005490">
        <testcase name="itShouldTestCachedMethods" class="Widi\JsonEncode\Cache\ArrayCacheTest" classname="Widi.JsonEncode.Cache.ArrayCacheTest" file="C:\check24\widi-jsonencode\test\unit\Cache\ArrayCacheTest.php" line="15" assertions="2" time="0.005363"/>
        <testcase name="itShouldTestCachedProperties" class="Widi\JsonEncode\Cache\ArrayCacheTest" classname="Widi.JsonEncode.Cache.ArrayCacheTest" file="C:\check24\widi-jsonencode\test\unit\Cache\ArrayCacheTest.php" line="27" assertions="2" time="0.000127"/>
      </testsuite>
      <testsuite name="Widi\JsonEncode\Filter\GetIsHasMethodFilterTest" file="C:\check24\widi-jsonencode\test\unit\Filter\GetIsHasMethodFilterTest.php" tests="24" assertions="24" errors="0" failures="0" skipped="0" time="0.002994">
        <testsuite name="Widi\JsonEncode\Filter\GetIsHasMethodFilterTest::itShouldFilterGetAndIsMethods" tests="12" assertions="12" errors="0" failures="0" skipped="0" time="0.001943">
          <testcase name="itShouldFilterGetAndIsMethods with data set #0" class="Widi\JsonEncode\Filter\GetIsHasMethodFilterTest" classname="Widi.JsonEncode.Filter.GetIsHasMethodFilterTest" file="C:\check24\widi-jsonencode\test\unit\Filter\GetIsHasMethodFilterTest.php" line="14" assertions="1" time="0.000931"/>
          <testcase name="itShouldFilterGetAndIsMethods with data set #1" class="Widi\JsonEncode\Filter\GetIsHasMethodFilterTest" classname="Widi.JsonEncode.Filter.GetIsHasMethodFilterTest" file="C:\check24\widi-jsonencode\test\unit\Filter\GetIsHasMethodFilterTest.php" line="14" assertions="1" time="0.000133"/>
          <testcase name="itShouldFilterGetAndIsMethods with data set #2" class="Widi\JsonEncode\Filter\GetIsHasMethodFilterTest" classname="Widi.JsonEncode.Filter.GetIsHasMethodFilterTest" file="C:\check24\widi-jsonencode\test\unit\Filter\GetIsHasMethodFilterTest.php" line="14" assertions="1" time="0.000097"/>
          <testcase name="itShouldFilterGetAndIsMethods with data set #3" class="Widi\JsonEncode\Filter\GetIsHasMethodFilterTest" classname="Widi.JsonEncode.Filter.GetIsHasMethodFilterTest" file="C:\check24\widi-jsonencode\test\unit\Filter\GetIsHasMethodFilterTest.php" line="14" assertions="1" time="0.000086"/>
          <testcase name="itShouldFilterGetAndIsMethods with data set #4" class="Widi\JsonEncode\Filter\GetIsHasMethodFilterTest" classname="Widi.JsonEncode.Filter.GetIsHasMethodFilterTest" file="C:\check24\widi-jsonencode\test\unit\Filter\GetIsHasMethodFilterTest.php" line="14" assertions="1" time="0.000090"/>
          <testcase name="itShouldFilterGetAndIsMethods with data set #5" class="Widi\JsonEncode\Filter\GetIsHasMethodFilterTest" classname="Widi.JsonEncode.Filter.GetIsHasMethodFilterTest" file="C:\check24\widi-jsonencode\test\unit\Filter\GetIsHasMethodFilterTest.php" line="14" assertions="1" time="0.000086"/>
          <testcase name="itShouldFilterGetAndIsMethods with data set #6" class="Widi\JsonEncode\Filter\GetIsHasMethodFilterTest" classname="Widi.JsonEncode.Filter.GetIsHasMethodFilterTest" file="C:\check24\widi-jsonencode\test\unit\Filter\GetIsHasMethodFilterTest.php" line="14" assertions="1" time="0.000086"/>
          <testcase name="itShouldFilterGetAndIsMethods with data set #7" class="Widi\JsonEncode\Filter\GetIsHasMethodFilterTest" classname="Widi.JsonEncode.Filter.GetIsHasMethodFilterTest" file="C:\check24\widi-jsonencode\test\unit\Filter\GetIsHasMethodFilterTest.php" line="14" assertions="1" time="0.000086"/>
          <testcase name="itShouldFilterGetAndIsMethods with data set #8" class="Widi\JsonEncode\Filter\GetIsHasMethodFilterTest" classname="Widi.JsonEncode.Filter.GetIsHasMethodFilterTest" file="C:\check24\widi-jsonencode\test\unit\Filter\GetIsHasMethodFilterTest.php" line="14" assertions="1" time="0.000094"/>
          <testcase name="itShouldFilterGetAndIsMethods with data set #9" class="Widi\JsonEncode\Filter\GetIsHasMethodFilterTest" classname="Widi.JsonEncode.Filter.GetIsHasMethodFilterTest" file="C:\check24\widi-jsonencode\test\unit\Filter\GetIsHasMethodFilterTest.php" line="14" assertions="1" time="0.000083"/>
          <testcase name="itShouldFilterGetAndIsMethods with data set #10" class="Widi\JsonEncode\Filter\GetIsHasMethodFilterTest" classname="Widi.JsonEncode.Filter.GetIsHasMethodFilterTest" file="C:\check24\widi-jsonencode\test\unit\Filter\GetIsHasMethodFilterTest.php" line="14" assertions="1" time="0.000085"/>
          <testcase name="itShouldFilterGetAndIsMethods with data set #11" class="Widi\JsonEncode\Filter\GetIsHasMethodFilterTest" classname="Widi.JsonEncode.Filter.GetIsHasMethodFilterTest" file="C:\check24\widi-jsonencode\test\unit\Filter\GetIsHasMethodFilterTest.php" line="14" assertions="1" time="0.000086"/>
        </testsuite>
        <testsuite name="Widi\JsonEncode\Filter\GetIsHasMethodFilterTest::itShouldExtractPropertyName" tests="12" assertions="12" errors="0" failures="0" skipped="0" time="0.001051">
          <testcase name="itShouldExtractPropertyName with data set #0" class="Widi\JsonEncode\Filter\GetIsHasMethodFilterTest" classname="Widi.JsonEncode.Filter.GetIsHasMethodFilterTest" file="C:\check24\widi-jsonencode\test\unit\Filter\GetIsHasMethodFilterTest.php" line="45" assertions="1" time="0.000088"/>
          <testcase name="itShouldExtractPropertyName with data set #1" class="Widi\JsonEncode\Filter\GetIsHasMethodFilterTest" classname="Widi.JsonEncode.Filter.GetIsHasMethodFilterTest" file="C:\check24\widi-jsonencode\test\unit\Filter\GetIsHasMethodFilterTest.php" line="45" assertions="1" time="0.000081"/>
          <testcase name="itShouldExtractPropertyName with data set #2" class="Widi\JsonEncode\Filter\GetIsHasMethodFilterTest" classname="Widi.JsonEncode.Filter.GetIsHasMethodFilterTest" file="C:\check24\widi-jsonencode\test\unit\Filter\GetIsHasMethodFilterTest.php" line="45" assertions="1" time="0.000085"/>
          <testcase name="itShouldExtractPropertyName with data set #3" class="Widi\JsonEncode\Filter\GetIsHasMethodFilterTest" classname="Widi.JsonEncode.Filter.GetIsHasMethodFilterTest" file="C:\check24\widi-jsonencode\test\unit\Filter\GetIsHasMethodFilterTest.php" line="45" assertions="1" time="0.000084"/>
          <testcase name="itShouldExtractPropertyName with data set #4" class="Widi\JsonEncode\Filter\GetIsHasMethodFilterTest" classname="Widi.JsonEncode.Filter.GetIsHasMethodFilterTest" file="C:\check24\widi-jsonencode\test\unit\Filter\GetIsHasMethodFilterTest.php" line="45" assertions="1" time="0.000086"/>
          <testcase name="itShouldExtractPropertyName with data set #5" class="Widi\JsonEncode\Filter\GetIsHasMethodFilterTest" classname="Widi.JsonEncode.Filter.GetIsHasMethodFilterTest" file="C:\check24\widi-jsonencode\test\unit\Filter\GetIsHasMethodFilterTest.php" line="45" assertions="1" time="0.000086"/>
          <testcase name="itShouldExtractPropertyName with data set #6" class="Widi\JsonEncode\Filter\GetIsHasMethodFilterTest" classname="Widi.JsonEncode.Filter.GetIsHasMethodFilterTest" file="C:\check24\widi-jsonencode\test\unit\Filter\GetIsHasMethodFilterTest.php" line="45" assertions="1" time="0.000085"/>
          <testcase name="itShouldExtractPropertyName with data set #7" class="Widi\JsonEncode\Filter\GetIsHasMethodFilterTest" classname="Widi.JsonEncode.Filter.GetIsHasMethodFilterTest" file="C:\check24\widi-jsonencode\test\unit\Filter\GetIsHasMethodFilterTest.php" line="45" assertions="1" time="0.000092"/>
          <testcase name="itShouldExtractPropertyName with data set #8" class="Widi\JsonEncode\Filter\GetIsHasMethodFilterTest" classname="Widi.JsonEncode.Filter.GetIsHasMethodFilterTest" file="C:\check24\widi-jsonencode\test\unit\Filter\GetIsHasMethodFilterTest.php" line="45" assertions="1" time="0.000085"/>
          <testcase name="itShouldExtractPropertyName with data set #9" class="Widi\JsonEncode\Filter\GetIsHasMethodFilterTest" classname="Widi.JsonEncode.Filter.GetIsHasMethodFilterTest" file="C:\check24\widi-jsonencode\test\unit\Filter\GetIsHasMethodFilterTest.php" line="45" assertions="1" time="0.000084"/>
          <testcase name="itShouldExtractPropertyName with data set #10" class="Widi\JsonEncode\Filter\GetIsHasMethodFilterTest" classname="Widi.JsonEncode.Filter.GetIsHasMethodFilterTest" file="C:\check24\widi-jsonencode\test\unit\Filter\GetIsHasMethodFilterTest.php" line="45" assertions="1" time="0.000109"/>
          <testcase name="itShouldExtractPropertyName with data set #11" class="Widi\JsonEncode\Filter\GetIsHasMethodFilterTest" classname="Widi.JsonEncode.Filter.GetIsHasMethodFilterTest" file="C:\check24\widi-jsonencode\test\unit\Filter\GetIsHasMethodFilterTest.php" line="45" assertions="1" time="0.000086"/>
        </testsuite>
      </testsuite>
      <testsuite name="Widi\JsonEncode\Filter\GetIsHasMethodSnakeCaseFilterTest" file="C:\check24\widi-jsonencode\test\unit\Filter\GetIsHasMethodSnakeCaseFilterTest.php" tests="24" assertions="24" errors="0" failures="0" skipped="0" time="0.003101">
        <testsuite name="Widi\JsonEncode\Filter\GetIsHasMethodSnakeCaseFilterTest::itShouldFilterGetAndIsMethods" tests="12" assertions="12" errors="0" failures="0" skipped="0" time="0.001717">
          <testcase name="itShouldFilterGetAndIsMethods with data set #0" class="Widi\JsonEncode\Filter\GetIsHasMethodSnakeCaseFilterTest" classname="Widi.JsonEncode.Filter.GetIsHasMethodSnakeCaseFilterTest" file="C:\check24\widi-jsonencode\test\unit\Filter\GetIsHasMethodSnakeCaseFilterTest.php" line="15" assertions="1" time="0.000532"/>
          <testcase name="itShouldFilterGetAndIsMethods with data set #1" class="Widi\JsonEncode\Filter\GetIsHasMethodSnakeCaseFilterTest" classname="Widi.JsonEncode.Filter.GetIsHasMethodSnakeCaseFilterTest" file="C:\check24\widi-jsonencode\test\unit\Filter\GetIsHasMethodSnakeCaseFilterTest.php" line="15" assertions="1" time="0.000093"/>
          <testcase name="itShouldFilterGetAndIsMethods with data set #2" class="Widi\JsonEncode\Filter\GetIsHasMethodSnakeCaseFilterTest" classname="Widi.JsonEncode.Filter.GetIsHasMethodSnakeCaseFilterTest" file="C:\check24\widi-jsonencode\test\unit\Filter\GetIsHasMethodSnakeCaseFilterTest.php" line="15" assertions="1" time="0.000112"/>
          <testcase name="itShouldFilterGetAndIsMethods with data set #3" class="Widi\JsonEncode\Filter\GetIsHasMethodSnakeCaseFilterTest" classname="Widi.JsonEncode.Filter.GetIsHasMethodSnakeCaseFilterTest" file="C:\check24\widi-jsonencode\test\unit\Filter\GetIsHasMethodSnakeCaseFilterTest.php" line="15" assertions="1" time="0.000089"/>
          <testcase name="itShouldFilterGetAndIsMethods with data set #4" class="Widi\JsonEncode\Filter\GetIsHasMethodSnakeCaseFilterTest" classname="Widi.JsonEncode.Filter.GetIsHasMethodSnakeCaseFilterTest" file="C:\check24\widi-jsonencode\test\unit\Filter\GetIsHasMethodSnakeCaseFilterTest.php" line="15" assertions="1" time="0.000087"/>
          <testcase name="itShouldFilterGetAndIsMethods with data set #5" class="Widi\JsonEncode\Filter\GetIsHasMethodSnakeCaseFilterTest" classname="Widi.JsonEncode.Filter.GetIsHasMethodSnakeCaseFilterTest" file="C:\check24\widi-jsonencode\test\unit\Filter\GetIsHasMethodSnakeCaseFilterTest.php" line="15" assertions="1" time="0.000087"/>
          <testcase name="itShouldFilterGetAndIsMethods with data set #6" class="Widi\JsonEncode\Filter\GetIsHasMethodSnakeCaseFilterTest" classname="Widi.JsonEncode.Filter.GetIsHasMethodSnakeCaseFilterTest" file="C:\check24\widi-jsonencode\test\unit\Filter\GetIsHasMethodSnakeCaseFilterTest.php" line="15" assertions="1" time="0.000088"/>
          <testcase name="itShouldFilterGetAndIsMethods with data set #7" class="Widi\JsonEncode\Filter\GetIsHasMethodSnakeCaseFilterTest" classname="Widi.JsonEncode.Filter.GetIsHasMethodSnakeCaseFilterTest" file="C:\check24\widi-jsonencode\test\unit\Filter\GetIsHasMethodSnakeCaseFilterTest.php" line="15" assertions="1" time="0.000088"/>
          <testcase name="itShouldFilterGetAndIsMethods with data set #8" class="Widi\JsonEncode\Filter\GetIsHasMethodSnakeCaseFilterTest" classname="Widi.JsonEncode.Filter.GetIsHasMethodSnakeCaseFilterTest" file="C:\check24\widi-jsonencode\test\unit\Filter\GetIsHasMethodSnakeCaseFilterTest.php" line="15" assertions="1" time="0.000086"/>
          <testcase name="itShouldFilterGetAndIsMethods with data set #9" class="Widi\JsonEncode\Filter\GetIsHasMethodSnakeCaseFilterTest" classname="Widi.JsonEncode.Filter.GetIsHasMethodSnakeCaseFilterTest" file="C:\check24\widi-jsonencode\test\unit\Filter\GetIsHasMethodSnakeCaseFilterTest.php" line="15" assertions="1" time="0.000084"/>
          <testcase name="itShouldFilterGetAndIsMethods with data set #10" class="Widi\JsonEncode\Filter\GetIsHasMethodSnakeCaseFilterTest" classname="Widi.JsonEncode.Filter.GetIsHasMethodSnakeCaseFilterTest" file="C:\check24\widi-jsonencode\test\unit\Filter\GetIsHasMethodSnakeCaseFilterTest.php" line="15" assertions="1" time="0.000192"/>
          <testcase name="itShouldFilterGetAndIsMethods with data set #11" class="Widi\JsonEncode\Filter\GetIsHasMethodSnakeCaseFilterTest" classname="Widi.JsonEncode.Filter.GetIsHasMethodSnakeCaseFilterTest" file="C:\check24\widi-jsonencode\test\unit\Filter\GetIsHasMethodSnakeCaseFilterTest.php" line="15" assertions="1" time="0.000180"/>
        </testsuite>
        <testsuite name="Widi\JsonEncode\Filter\GetIsHasMethodSnakeCaseFilterTest::itShouldExtractPropertyName" tests="12" assertions="12" errors="0" failures="0" skipped="0" time="0.001384">
          <testcase name="itShouldExtractPropertyName with data set #0" class="Widi\JsonEncode\Filter\GetIsHasMethodSnakeCaseFilterTest" classname="Widi.JsonEncode.Filter.GetIsHasMethodSnakeCaseFilterTest" file="C:\check24\widi-jsonencode\test\unit\Filter\GetIsHasMethodSnakeCaseFilterTest.php" line="46" assertions="1" time="0.000107"/>
          <testcase name="itShouldExtractPropertyName with data set #1" class="Widi\JsonEncode\Filter\GetIsHasMethodSnakeCaseFilterTest" classname="Widi.JsonEncode.Filter.GetIsHasMethodSnakeCaseFilterTest" file="C:\check24\widi-jsonencode\test\unit\Filter\GetIsHasMethodSnakeCaseFilterTest.php" line="46" assertions="1" time="0.000128"/>
          <testcase name="itShouldExtractPropertyName with data set #2" class="Widi\JsonEncode\Filter\GetIsHasMethodSnakeCaseFilterTest" classname="Widi.JsonEncode.Filter.GetIsHasMethodSnakeCaseFilterTest" file="C:\check24\widi-jsonencode\test\unit\Filter\GetIsHasMethodSnakeCaseFilterTest.php" line="46" assertions="1" time="0.000107"/>
          <testcase name="itShouldExtractPropertyName with data set #3" class="Widi\JsonEncode\Filter\GetIsHasMethodSnakeCaseFilterTest" classname="Widi.JsonEncode.Filter.GetIsHasMethodSnakeCaseFilterTest" file="C:\check24\widi-jsonencode\test\unit\Filter\GetIsHasMethodSnakeCaseFilterTest.php" line="46" assertions="1" time="0.000089"/>
          <testcase name="itShouldExtractPropertyName with data set #4" class="Widi\JsonEncode\Filter\GetIsHasMethodSnakeCaseFilterTest" classname="Widi.JsonEncode.Filter.GetIsHasMethodSnakeCaseFilterTest" file="C:\check24\widi-jsonencode\test\unit\Filter\GetIsHasMethodSnakeCaseFilterTest.php" line="46" assertions="1" time="0.000126"/>
          <testcase name="itShouldExtractPropertyName with data set #5" class="Widi\JsonEncode\Filter\GetIsHasMethodSnakeCaseFilterTest" classname="Widi.JsonEncode.Filter.GetIsHasMethodSnakeCaseFilterTest" file="C:\check24\widi-jsonencode\test\unit\Filter\GetIsHasMethodSnakeCaseFilterTest.php" line="46" assertions="1" time="0.000163"/>
          <testcase name="itShouldExtractPropertyName with data set #6" class="Widi\JsonEncode\Filter\GetIsHasMethodSnakeCaseFilterTest" classname="Widi.JsonEncode.Filter.GetIsHasMethodSnakeCaseFilterTest" file="C:\check24\widi-jsonencode\test\unit\Filter\GetIsHasMethodSnakeCaseFilterTest.php" line="46" assertions="1" time="0.000200"/>
          <testcase name="itShouldExtractPropertyName with data set #7" class="Widi\JsonEncode\Filter\GetIsHasMethodSnakeCaseFilterTest" classname="Widi.JsonEncode.Filter.GetIsHasMethodSnakeCaseFilterTest" file="C:\check24\widi-jsonencode\test\unit\Filter\GetIsHasMethodSnakeCaseFilterTest.php" line="46" assertions="1" time="0.000115"/>
          <testcase name="itShouldExtractPropertyName with data set #8" class="Widi\JsonEncode\Filter\GetIsHasMethodSnakeCaseFilterTest" classname="Widi.JsonEncode.Filter.GetIsHasMethodSnakeCaseFilterTest" file="C:\check24\widi-jsonencode\test\unit\Filter\GetIsHasMethodSnakeCaseFilterTest.php" line="46" assertions="1" time="0.000089"/>
          <testcase name="itShouldExtractPropertyName with data set #9" class="Widi\JsonEncode\Filter\GetIsHasMethodSnakeCaseFilterTest" classname="Widi.JsonEncode.Filter.GetIsHasMethodSnakeCaseFilterTest" file="C:\check24\widi-jsonencode\test\unit\Filter\GetIsHasMethodSnakeCaseFilterTest.php" line="46" assertions="1" time="0.000090"/>
          <testcase name="itShouldExtractPropertyName with data set #10" class="Widi\JsonEncode\Filter\GetIsHasMethodSnakeCaseFilterTest" classname="Widi.JsonEncode.Filter.GetIsHasMethodSnakeCaseFilterTest" file="C:\check24\widi-jsonencode\test\unit\Filter\GetIsHasMethodSnakeCaseFilterTest.php" line="46" assertions="1" time="0.000086"/>
          <testcase name="itShouldExtractPropertyName with data set #11" class="Widi\JsonEncode\Filter\GetIsHasMethodSnakeCaseFilterTest" classname="Widi.JsonEncode.Filter.GetIsHasMethodSnakeCaseFilterTest" file="C:\check24\widi-jsonencode\test\unit\Filter\GetIsHasMethodSnakeCaseFilterTest.php" line="46" assertions="1" time="0.000084"/>
        </testsuite>
      </testsuite>
    </testsuite>
    <testsuite name="integration" tests="1" assertions="1" errors="0" failures="0" skipped="0" time="0.005490">
      <testsuite name="Widi\JsonEncode\JsonEncoderTest" file="C:\check24\widi-jsonencode\test\integration\JsonEncoderTest.php" tests="1" assertions="1" errors="0" failures="0" skipped="0" time="0.005490">
        <testcase name="itShouldEncodeRecursiveObjectTree" class="Widi\JsonEncode\JsonEncoderTest" classname="Widi.JsonEncode.JsonEncoderTest" file="C:\check24\widi-jsonencode\test\integration\JsonEncoderTest.php" line="21" assertions="1" time="0.005490"/>
      </testsuite>
    </testsuite>
  </testsuite>
</testsuites>
