<?xml version="1.0" encoding="UTF-8"?>
<testsuites>
  <testsuite name="" tests="27" assertions="29" errors="0" failures="0" skipped="0" time="0.085341">
    <testsuite name="unit" tests="26" assertions="28" errors="0" failures="0" skipped="0" time="0.077945">
      <testsuite name="Widi\JsonEncode\Cache\ArrayCacheTest" file="/Users/dirkwinkhaus/PhpstormProjects/JsonEncodeDeep/test/unit/Cache/ArrayCacheTest.php" tests="2" assertions="4" errors="0" failures="0" skipped="0" time="0.021976">
        <testcase name="itShouldTestCachedMethods" class="Widi\JsonEncode\Cache\ArrayCacheTest" classname="Widi.JsonEncode.Cache.ArrayCacheTest" file="/Users/dirkwinkhaus/PhpstormProjects/JsonEncodeDeep/test/unit/Cache/ArrayCacheTest.php" line="15" assertions="2" time="0.020506"/>
        <testcase name="itShouldTestCachedProperties" class="Widi\JsonEncode\Cache\ArrayCacheTest" classname="Widi.JsonEncode.Cache.ArrayCacheTest" file="/Users/dirkwinkhaus/PhpstormProjects/JsonEncodeDeep/test/unit/Cache/ArrayCacheTest.php" line="27" assertions="2" time="0.001470"/>
      </testsuite>
      <testsuite name="Widi\JsonEncode\Filter\GetIsHasMethodFilterTest" file="/Users/dirkwinkhaus/PhpstormProjects/JsonEncodeDeep/test/unit/Filter/GetIsHasMethodFilterTest.php" tests="24" assertions="24" errors="0" failures="0" skipped="0" time="0.055969">
        <testsuite name="Widi\JsonEncode\Filter\GetIsHasMethodFilterTest::itShouldFilterGetAndIsMethods" tests="12" assertions="12" errors="0" failures="0" skipped="0" time="0.037008">
          <testcase name="itShouldFilterGetAndIsMethods with data set #0" class="Widi\JsonEncode\Filter\GetIsHasMethodFilterTest" classname="Widi.JsonEncode.Filter.GetIsHasMethodFilterTest" file="/Users/dirkwinkhaus/PhpstormProjects/JsonEncodeDeep/test/unit/Filter/GetIsHasMethodFilterTest.php" line="14" assertions="1" time="0.008545"/>
          <testcase name="itShouldFilterGetAndIsMethods with data set #1" class="Widi\JsonEncode\Filter\GetIsHasMethodFilterTest" classname="Widi.JsonEncode.Filter.GetIsHasMethodFilterTest" file="/Users/dirkwinkhaus/PhpstormProjects/JsonEncodeDeep/test/unit/Filter/GetIsHasMethodFilterTest.php" line="14" assertions="1" time="0.000287"/>
          <testcase name="itShouldFilterGetAndIsMethods with data set #2" class="Widi\JsonEncode\Filter\GetIsHasMethodFilterTest" classname="Widi.JsonEncode.Filter.GetIsHasMethodFilterTest" file="/Users/dirkwinkhaus/PhpstormProjects/JsonEncodeDeep/test/unit/Filter/GetIsHasMethodFilterTest.php" line="14" assertions="1" time="0.000204"/>
          <testcase name="itShouldFilterGetAndIsMethods with data set #3" class="Widi\JsonEncode\Filter\GetIsHasMethodFilterTest" classname="Widi.JsonEncode.Filter.GetIsHasMethodFilterTest" file="/Users/dirkwinkhaus/PhpstormProjects/JsonEncodeDeep/test/unit/Filter/GetIsHasMethodFilterTest.php" line="14" assertions="1" time="0.002098"/>
          <testcase name="itShouldFilterGetAndIsMethods with data set #4" class="Widi\JsonEncode\Filter\GetIsHasMethodFilterTest" classname="Widi.JsonEncode.Filter.GetIsHasMethodFilterTest" file="/Users/dirkwinkhaus/PhpstormProjects/JsonEncodeDeep/test/unit/Filter/GetIsHasMethodFilterTest.php" line="14" assertions="1" time="0.001137"/>
          <testcase name="itShouldFilterGetAndIsMethods with data set #5" class="Widi\JsonEncode\Filter\GetIsHasMethodFilterTest" classname="Widi.JsonEncode.Filter.GetIsHasMethodFilterTest" file="/Users/dirkwinkhaus/PhpstormProjects/JsonEncodeDeep/test/unit/Filter/GetIsHasMethodFilterTest.php" line="14" assertions="1" time="0.006597"/>
          <testcase name="itShouldFilterGetAndIsMethods with data set #6" class="Widi\JsonEncode\Filter\GetIsHasMethodFilterTest" classname="Widi.JsonEncode.Filter.GetIsHasMethodFilterTest" file="/Users/dirkwinkhaus/PhpstormProjects/JsonEncodeDeep/test/unit/Filter/GetIsHasMethodFilterTest.php" line="14" assertions="1" time="0.000219"/>
          <testcase name="itShouldFilterGetAndIsMethods with data set #7" class="Widi\JsonEncode\Filter\GetIsHasMethodFilterTest" classname="Widi.JsonEncode.Filter.GetIsHasMethodFilterTest" file="/Users/dirkwinkhaus/PhpstormProjects/JsonEncodeDeep/test/unit/Filter/GetIsHasMethodFilterTest.php" line="14" assertions="1" time="0.000155"/>
          <testcase name="itShouldFilterGetAndIsMethods with data set #8" class="Widi\JsonEncode\Filter\GetIsHasMethodFilterTest" classname="Widi.JsonEncode.Filter.GetIsHasMethodFilterTest" file="/Users/dirkwinkhaus/PhpstormProjects/JsonEncodeDeep/test/unit/Filter/GetIsHasMethodFilterTest.php" line="14" assertions="1" time="0.001766"/>
          <testcase name="itShouldFilterGetAndIsMethods with data set #9" class="Widi\JsonEncode\Filter\GetIsHasMethodFilterTest" classname="Widi.JsonEncode.Filter.GetIsHasMethodFilterTest" file="/Users/dirkwinkhaus/PhpstormProjects/JsonEncodeDeep/test/unit/Filter/GetIsHasMethodFilterTest.php" line="14" assertions="1" time="0.014960"/>
          <testcase name="itShouldFilterGetAndIsMethods with data set #10" class="Widi\JsonEncode\Filter\GetIsHasMethodFilterTest" classname="Widi.JsonEncode.Filter.GetIsHasMethodFilterTest" file="/Users/dirkwinkhaus/PhpstormProjects/JsonEncodeDeep/test/unit/Filter/GetIsHasMethodFilterTest.php" line="14" assertions="1" time="0.000643"/>
          <testcase name="itShouldFilterGetAndIsMethods with data set #11" class="Widi\JsonEncode\Filter\GetIsHasMethodFilterTest" classname="Widi.JsonEncode.Filter.GetIsHasMethodFilterTest" file="/Users/dirkwinkhaus/PhpstormProjects/JsonEncodeDeep/test/unit/Filter/GetIsHasMethodFilterTest.php" line="14" assertions="1" time="0.000397"/>
        </testsuite>
        <testsuite name="Widi\JsonEncode\Filter\GetIsHasMethodFilterTest::itShouldExtractPropertyName" tests="12" assertions="12" errors="0" failures="0" skipped="0" time="0.018961">
          <testcase name="itShouldExtractPropertyName with data set #0" class="Widi\JsonEncode\Filter\GetIsHasMethodFilterTest" classname="Widi.JsonEncode.Filter.GetIsHasMethodFilterTest" file="/Users/dirkwinkhaus/PhpstormProjects/JsonEncodeDeep/test/unit/Filter/GetIsHasMethodFilterTest.php" line="45" assertions="1" time="0.012624"/>
          <testcase name="itShouldExtractPropertyName with data set #1" class="Widi\JsonEncode\Filter\GetIsHasMethodFilterTest" classname="Widi.JsonEncode.Filter.GetIsHasMethodFilterTest" file="/Users/dirkwinkhaus/PhpstormProjects/JsonEncodeDeep/test/unit/Filter/GetIsHasMethodFilterTest.php" line="45" assertions="1" time="0.000376"/>
          <testcase name="itShouldExtractPropertyName with data set #2" class="Widi\JsonEncode\Filter\GetIsHasMethodFilterTest" classname="Widi.JsonEncode.Filter.GetIsHasMethodFilterTest" file="/Users/dirkwinkhaus/PhpstormProjects/JsonEncodeDeep/test/unit/Filter/GetIsHasMethodFilterTest.php" line="45" assertions="1" time="0.000416"/>
          <testcase name="itShouldExtractPropertyName with data set #3" class="Widi\JsonEncode\Filter\GetIsHasMethodFilterTest" classname="Widi.JsonEncode.Filter.GetIsHasMethodFilterTest" file="/Users/dirkwinkhaus/PhpstormProjects/JsonEncodeDeep/test/unit/Filter/GetIsHasMethodFilterTest.php" line="45" assertions="1" time="0.000252"/>
          <testcase name="itShouldExtractPropertyName with data set #4" class="Widi\JsonEncode\Filter\GetIsHasMethodFilterTest" classname="Widi.JsonEncode.Filter.GetIsHasMethodFilterTest" file="/Users/dirkwinkhaus/PhpstormProjects/JsonEncodeDeep/test/unit/Filter/GetIsHasMethodFilterTest.php" line="45" assertions="1" time="0.000278"/>
          <testcase name="itShouldExtractPropertyName with data set #5" class="Widi\JsonEncode\Filter\GetIsHasMethodFilterTest" classname="Widi.JsonEncode.Filter.GetIsHasMethodFilterTest" file="/Users/dirkwinkhaus/PhpstormProjects/JsonEncodeDeep/test/unit/Filter/GetIsHasMethodFilterTest.php" line="45" assertions="1" time="0.000546"/>
          <testcase name="itShouldExtractPropertyName with data set #6" class="Widi\JsonEncode\Filter\GetIsHasMethodFilterTest" classname="Widi.JsonEncode.Filter.GetIsHasMethodFilterTest" file="/Users/dirkwinkhaus/PhpstormProjects/JsonEncodeDeep/test/unit/Filter/GetIsHasMethodFilterTest.php" line="45" assertions="1" time="0.000270"/>
          <testcase name="itShouldExtractPropertyName with data set #7" class="Widi\JsonEncode\Filter\GetIsHasMethodFilterTest" classname="Widi.JsonEncode.Filter.GetIsHasMethodFilterTest" file="/Users/dirkwinkhaus/PhpstormProjects/JsonEncodeDeep/test/unit/Filter/GetIsHasMethodFilterTest.php" line="45" assertions="1" time="0.003444"/>
          <testcase name="itShouldExtractPropertyName with data set #8" class="Widi\JsonEncode\Filter\GetIsHasMethodFilterTest" classname="Widi.JsonEncode.Filter.GetIsHasMethodFilterTest" file="/Users/dirkwinkhaus/PhpstormProjects/JsonEncodeDeep/test/unit/Filter/GetIsHasMethodFilterTest.php" line="45" assertions="1" time="0.000255"/>
          <testcase name="itShouldExtractPropertyName with data set #9" class="Widi\JsonEncode\Filter\GetIsHasMethodFilterTest" classname="Widi.JsonEncode.Filter.GetIsHasMethodFilterTest" file="/Users/dirkwinkhaus/PhpstormProjects/JsonEncodeDeep/test/unit/Filter/GetIsHasMethodFilterTest.php" line="45" assertions="1" time="0.000169"/>
          <testcase name="itShouldExtractPropertyName with data set #10" class="Widi\JsonEncode\Filter\GetIsHasMethodFilterTest" classname="Widi.JsonEncode.Filter.GetIsHasMethodFilterTest" file="/Users/dirkwinkhaus/PhpstormProjects/JsonEncodeDeep/test/unit/Filter/GetIsHasMethodFilterTest.php" line="45" assertions="1" time="0.000171"/>
          <testcase name="itShouldExtractPropertyName with data set #11" class="Widi\JsonEncode\Filter\GetIsHasMethodFilterTest" classname="Widi.JsonEncode.Filter.GetIsHasMethodFilterTest" file="/Users/dirkwinkhaus/PhpstormProjects/JsonEncodeDeep/test/unit/Filter/GetIsHasMethodFilterTest.php" line="45" assertions="1" time="0.000160"/>
        </testsuite>
      </testsuite>
    </testsuite>
    <testsuite name="integration" tests="1" assertions="1" errors="0" failures="0" skipped="0" time="0.007396">
      <testsuite name="Widi\JsonEncode\JsonEncoderTest" file="/Users/dirkwinkhaus/PhpstormProjects/JsonEncodeDeep/test/integration/JsonEncoderTest.php" tests="1" assertions="1" errors="0" failures="0" skipped="0" time="0.007396">
        <testcase name="itShouldEncodeRecursiveObjectTree" class="Widi\JsonEncode\JsonEncoderTest" classname="Widi.JsonEncode.JsonEncoderTest" file="/Users/dirkwinkhaus/PhpstormProjects/JsonEncodeDeep/test/integration/JsonEncoderTest.php" line="16" assertions="1" time="0.007396"/>
      </testsuite>
    </testsuite>
  </testsuite>
</testsuites>
